0 info it worked if it ends with ok
1 verbose cli [ '/usr/local/bin/node',
1 verbose cli   '/usr/local/bin/npm',
1 verbose cli   'run',
1 verbose cli   'start:debug' ]
2 info using npm@3.10.10
3 info using node@v6.11.4
4 verbose run-script [ 'prestart:debug', 'start:debug', 'poststart:debug' ]
5 info lifecycle amida-api-boilerplate@0.1.0~prestart:debug: amida-api-boilerplate@0.1.0
6 silly lifecycle amida-api-boilerplate@0.1.0~prestart:debug: no script for prestart:debug, continuing
7 info lifecycle amida-api-boilerplate@0.1.0~start:debug: amida-api-boilerplate@0.1.0
8 verbose lifecycle amida-api-boilerplate@0.1.0~start:debug: unsafe-perm in lifecycle true
9 verbose lifecycle amida-api-boilerplate@0.1.0~start:debug: PATH: /usr/local/lib/node_modules/npm/bin/node-gyp-bin:/Users/sergii/Documents/programming/training/api-boilerplate/node_modules/.bin:/usr/local/bin:/usr/bin:/bin:/usr/sbin:/sbin
10 verbose lifecycle amida-api-boilerplate@0.1.0~start:debug: CWD: /Users/sergii/Documents/programming/training/api-boilerplate
11 silly lifecycle amida-api-boilerplate@0.1.0~start:debug: Args: [ '-c', 'cross-env DEBUG=amida-api-boilerplate:* yarn start' ]
12 silly lifecycle amida-api-boilerplate@0.1.0~start:debug: Returned: code: 1  signal: null
13 info lifecycle amida-api-boilerplate@0.1.0~start:debug: Failed to exec start:debug script
14 verbose stack Error: amida-api-boilerplate@0.1.0 start:debug: `cross-env DEBUG=amida-api-boilerplate:* yarn start`
14 verbose stack Exit status 1
14 verbose stack     at EventEmitter.<anonymous> (/usr/local/lib/node_modules/npm/lib/utils/lifecycle.js:255:16)
14 verbose stack     at emitTwo (events.js:106:13)
14 verbose stack     at EventEmitter.emit (events.js:191:7)
14 verbose stack     at ChildProcess.<anonymous> (/usr/local/lib/node_modules/npm/lib/utils/spawn.js:40:14)
14 verbose stack     at emitTwo (events.js:106:13)
14 verbose stack     at ChildProcess.emit (events.js:191:7)
14 verbose stack     at maybeClose (internal/child_process.js:920:16)
14 verbose stack     at Process.ChildProcess._handle.onexit (internal/child_process.js:230:5)
15 verbose pkgid amida-api-boilerplate@0.1.0
16 verbose cwd /Users/sergii/Documents/programming/training/api-boilerplate
17 error Darwin 16.6.0
18 error argv "/usr/local/bin/node" "/usr/local/bin/npm" "run" "start:debug"
19 error node v6.11.4
20 error npm  v3.10.10
21 error code ELIFECYCLE
22 error amida-api-boilerplate@0.1.0 start:debug: `cross-env DEBUG=amida-api-boilerplate:* yarn start`
22 error Exit status 1
23 error Failed at the amida-api-boilerplate@0.1.0 start:debug script 'cross-env DEBUG=amida-api-boilerplate:* yarn start'.
23 error Make sure you have the latest version of node.js and npm installed.
23 error If you do, this is most likely a problem with the amida-api-boilerplate package,
23 error not with npm itself.
23 error Tell the author that this fails on your system:
23 error     cross-env DEBUG=amida-api-boilerplate:* yarn start
23 error You can get information on how to open an issue for this project with:
23 error     npm bugs amida-api-boilerplate
23 error Or if that isn't available, you can get their info via:
23 error     npm owner ls amida-api-boilerplate
23 error There is likely additional logging output above.
24 verbose exit [ 1, true ]
